<?xml version="1.0" encoding="UTF-8"?>
<!-- Generated by org.testng.reporters.JUnitReportReporter -->
<testsuite hostname="IND-DCLP-0043" name="com.jp.status.servlet.StatusServletTest" tests="4" failures="0" timestamp="27 Apr 2015 09:10:44 GMT" time="0.547" errors="0">
  <testcase name="doGetTestForCsv" time="0.421" classname="com.jp.status.servlet.StatusServletTest"/>
  <testcase name="doGetTestForSchema" time="0.016" classname="com.jp.status.servlet.StatusServletTest"/>
  <testcase name="doGetTestForStyle" time="0.095" classname="com.jp.status.servlet.StatusServletTest"/>
  <testcase name="doGetTestForStatus" time="0.015" classname="com.jp.status.servlet.StatusServletTest"/>
</testsuite> <!-- com.jp.status.servlet.StatusServletTest -->
